<?xml version="1.0" encoding="UTF-8"?>
<!-- Generated by org.testng.reporters.JUnitXMLReporter -->
<testsuite ignored="0" hostname="Gaurav" failures="0" tests="8" name="Default test" time="60.801" errors="0" timestamp="2023-12-27T03:44:34 IST">
  <testcase classname="tests.LoginPageTest" name="VerifyLoginFunctionality" time="1.308"/>
  <testcase classname="tests.LoginPageTest" name="VerifyLoginFunctionality" time="1.166"/>
  <testcase classname="tests.LoginPageTest" name="VerifyLoginFunctionality" time="0.694"/>
  <testcase classname="tests.LoginPageTest" name="VerifyLoginFunctionality" time="0.55"/>
  <testcase classname="tests.LoginPageTest" name="VerifyLoginFunctionality" time="0.655"/>
  <testcase classname="tests.LoginPageTest" name="VerifyLogo" time="0.657"/>
  <testcase classname="tests.LoginPageTest" name="VerifyTitle" time="0.017"/>
  <testcase classname="tests.LoginPageTest" name="VerifyURL" time="0.02"/>
</testsuite> <!-- Default test -->
