<?xml version="1.0" encoding="UTF-8"?>
<testng-results ignored="0" total="8" passed="8" failed="0" skipped="0">
  <reporter-output>
  </reporter-output>
  <suite started-at="2023-12-27T03:43:34 IST" name="Default suite" finished-at="2023-12-27T03:44:34 IST" duration-ms="60801">
    <groups>
    </groups>
    <test started-at="2023-12-27T03:43:34 IST" name="Default test" finished-at="2023-12-27T03:44:34 IST" duration-ms="60801">
      <class name="tests.LoginPageTest">
        <test-method is-config="true" signature="initializeBrowser()[pri:0, instance:tests.LoginPageTest@1e04fa0a]" started-at="2023-12-27T03:43:34 IST" name="initializeBrowser" finished-at="2023-12-27T03:43:42 IST" duration-ms="8171" status="PASS">
          <reporter-output>
          </reporter-output>
        </test-method> <!-- initializeBrowser -->
        <test-method is-config="true" signature="setUp()[pri:0, instance:tests.LoginPageTest@1e04fa0a]" started-at="2023-12-27T03:43:42 IST" name="setUp" finished-at="2023-12-27T03:43:42 IST" duration-ms="79" status="PASS">
          <reporter-output>
          </reporter-output>
        </test-method> <!-- setUp -->
        <test-method signature="VerifyLoginFunctionality(java.lang.String,java.lang.String,java.lang.String)[pri:0, instance:tests.LoginPageTest@1e04fa0a]" started-at="2023-12-27T03:43:42 IST" name="VerifyLoginFunctionality" data-provider="credential" finished-at="2023-12-27T03:43:43 IST" duration-ms="1308" status="PASS">
          <params>
            <param index="0">
              <value>
                <![CDATA[Valid]]>
              </value>
            </param>
            <param index="1">
              <value>
                <![CDATA[standard_user]]>
              </value>
            </param>
            <param index="2">
              <value>
                <![CDATA[secret_sauce]]>
              </value>
            </param>
          </params>
          <reporter-output>
          </reporter-output>
        </test-method> <!-- VerifyLoginFunctionality -->
        <test-method is-config="true" signature="tearDown(org.testng.ITestResult)[pri:0, instance:tests.LoginPageTest@1e04fa0a]" started-at="2023-12-27T03:43:43 IST" name="tearDown" finished-at="2023-12-27T03:43:44 IST" duration-ms="802" status="PASS">
          <params>
            <param index="0">
              <value>
                <![CDATA[[TestResult name=VerifyLoginFunctionality status=SUCCESS method=LoginPageTest.VerifyLoginFunctionality(java.lang.String,java.lang.String,java.lang.String)[pri:0, instance:tests.LoginPageTest@1e04fa0a] output={null}]]]>
              </value>
            </param>
          </params>
          <reporter-output>
          </reporter-output>
        </test-method> <!-- tearDown -->
        <test-method is-config="true" signature="initializeBrowser()[pri:0, instance:tests.LoginPageTest@1e04fa0a]" started-at="2023-12-27T03:43:44 IST" name="initializeBrowser" finished-at="2023-12-27T03:43:49 IST" duration-ms="5178" status="PASS">
          <reporter-output>
          </reporter-output>
        </test-method> <!-- initializeBrowser -->
        <test-method is-config="true" signature="setUp()[pri:0, instance:tests.LoginPageTest@1e04fa0a]" started-at="2023-12-27T03:43:49 IST" name="setUp" finished-at="2023-12-27T03:43:49 IST" duration-ms="2" status="PASS">
          <reporter-output>
          </reporter-output>
        </test-method> <!-- setUp -->
        <test-method signature="VerifyLoginFunctionality(java.lang.String,java.lang.String,java.lang.String)[pri:0, instance:tests.LoginPageTest@1e04fa0a]" started-at="2023-12-27T03:43:49 IST" name="VerifyLoginFunctionality" data-provider="credential" finished-at="2023-12-27T03:43:50 IST" duration-ms="1166" status="PASS">
          <params>
            <param index="0">
              <value>
                <![CDATA[invalid]]>
              </value>
            </param>
            <param index="1">
              <value>
                <![CDATA[adal#er34]]>
              </value>
            </param>
            <param index="2">
              <value>
                <![CDATA[5554dfaf]]>
              </value>
            </param>
          </params>
          <reporter-output>
          </reporter-output>
        </test-method> <!-- VerifyLoginFunctionality -->
        <test-method is-config="true" signature="tearDown(org.testng.ITestResult)[pri:0, instance:tests.LoginPageTest@1e04fa0a]" started-at="2023-12-27T03:43:50 IST" name="tearDown" finished-at="2023-12-27T03:43:51 IST" duration-ms="645" status="PASS">
          <params>
            <param index="0">
              <value>
                <![CDATA[[TestResult name=VerifyLoginFunctionality status=SUCCESS method=LoginPageTest.VerifyLoginFunctionality(java.lang.String,java.lang.String,java.lang.String)[pri:0, instance:tests.LoginPageTest@1e04fa0a] output={null}]]]>
              </value>
            </param>
          </params>
          <reporter-output>
          </reporter-output>
        </test-method> <!-- tearDown -->
        <test-method is-config="true" signature="initializeBrowser()[pri:0, instance:tests.LoginPageTest@1e04fa0a]" started-at="2023-12-27T03:43:51 IST" name="initializeBrowser" finished-at="2023-12-27T03:43:55 IST" duration-ms="4405" status="PASS">
          <reporter-output>
          </reporter-output>
        </test-method> <!-- initializeBrowser -->
        <test-method is-config="true" signature="setUp()[pri:0, instance:tests.LoginPageTest@1e04fa0a]" started-at="2023-12-27T03:43:55 IST" name="setUp" finished-at="2023-12-27T03:43:55 IST" duration-ms="1" status="PASS">
          <reporter-output>
          </reporter-output>
        </test-method> <!-- setUp -->
        <test-method signature="VerifyLoginFunctionality(java.lang.String,java.lang.String,java.lang.String)[pri:0, instance:tests.LoginPageTest@1e04fa0a]" started-at="2023-12-27T03:43:55 IST" name="VerifyLoginFunctionality" data-provider="credential" finished-at="2023-12-27T03:43:56 IST" duration-ms="694" status="PASS">
          <params>
            <param index="0">
              <value>
                <![CDATA[invalidUN]]>
              </value>
            </param>
            <param index="1">
              <value>
                <![CDATA[adfare@128]]>
              </value>
            </param>
            <param index="2">
              <value>
                <![CDATA[secret_sauce]]>
              </value>
            </param>
          </params>
          <reporter-output>
          </reporter-output>
        </test-method> <!-- VerifyLoginFunctionality -->
        <test-method is-config="true" signature="tearDown(org.testng.ITestResult)[pri:0, instance:tests.LoginPageTest@1e04fa0a]" started-at="2023-12-27T03:43:56 IST" name="tearDown" finished-at="2023-12-27T03:43:57 IST" duration-ms="680" status="PASS">
          <params>
            <param index="0">
              <value>
                <![CDATA[[TestResult name=VerifyLoginFunctionality status=SUCCESS method=LoginPageTest.VerifyLoginFunctionality(java.lang.String,java.lang.String,java.lang.String)[pri:0, instance:tests.LoginPageTest@1e04fa0a] output={null}]]]>
              </value>
            </param>
          </params>
          <reporter-output>
          </reporter-output>
        </test-method> <!-- tearDown -->
        <test-method is-config="true" signature="initializeBrowser()[pri:0, instance:tests.LoginPageTest@1e04fa0a]" started-at="2023-12-27T03:43:57 IST" name="initializeBrowser" finished-at="2023-12-27T03:44:04 IST" duration-ms="7607" status="PASS">
          <reporter-output>
          </reporter-output>
        </test-method> <!-- initializeBrowser -->
        <test-method is-config="true" signature="setUp()[pri:0, instance:tests.LoginPageTest@1e04fa0a]" started-at="2023-12-27T03:44:04 IST" name="setUp" finished-at="2023-12-27T03:44:04 IST" duration-ms="6" status="PASS">
          <reporter-output>
          </reporter-output>
        </test-method> <!-- setUp -->
        <test-method signature="VerifyLoginFunctionality(java.lang.String,java.lang.String,java.lang.String)[pri:0, instance:tests.LoginPageTest@1e04fa0a]" started-at="2023-12-27T03:44:04 IST" name="VerifyLoginFunctionality" data-provider="credential" finished-at="2023-12-27T03:44:05 IST" duration-ms="550" status="PASS">
          <params>
            <param index="0">
              <value>
                <![CDATA[invalidpwd]]>
              </value>
            </param>
            <param index="1">
              <value>
                <![CDATA[standard_user]]>
              </value>
            </param>
            <param index="2">
              <value>
                <![CDATA[854@3reg]]>
              </value>
            </param>
          </params>
          <reporter-output>
          </reporter-output>
        </test-method> <!-- VerifyLoginFunctionality -->
        <test-method is-config="true" signature="tearDown(org.testng.ITestResult)[pri:0, instance:tests.LoginPageTest@1e04fa0a]" started-at="2023-12-27T03:44:05 IST" name="tearDown" finished-at="2023-12-27T03:44:06 IST" duration-ms="724" status="PASS">
          <params>
            <param index="0">
              <value>
                <![CDATA[[TestResult name=VerifyLoginFunctionality status=SUCCESS method=LoginPageTest.VerifyLoginFunctionality(java.lang.String,java.lang.String,java.lang.String)[pri:0, instance:tests.LoginPageTest@1e04fa0a] output={null}]]]>
              </value>
            </param>
          </params>
          <reporter-output>
          </reporter-output>
        </test-method> <!-- tearDown -->
        <test-method is-config="true" signature="initializeBrowser()[pri:0, instance:tests.LoginPageTest@1e04fa0a]" started-at="2023-12-27T03:44:06 IST" name="initializeBrowser" finished-at="2023-12-27T03:44:14 IST" duration-ms="8702" status="PASS">
          <reporter-output>
          </reporter-output>
        </test-method> <!-- initializeBrowser -->
        <test-method is-config="true" signature="setUp()[pri:0, instance:tests.LoginPageTest@1e04fa0a]" started-at="2023-12-27T03:44:14 IST" name="setUp" finished-at="2023-12-27T03:44:14 IST" duration-ms="1" status="PASS">
          <reporter-output>
          </reporter-output>
        </test-method> <!-- setUp -->
        <test-method signature="VerifyLoginFunctionality(java.lang.String,java.lang.String,java.lang.String)[pri:0, instance:tests.LoginPageTest@1e04fa0a]" started-at="2023-12-27T03:44:14 IST" name="VerifyLoginFunctionality" data-provider="credential" finished-at="2023-12-27T03:44:15 IST" duration-ms="655" status="PASS">
          <params>
            <param index="0">
              <value>
                <![CDATA[blank]]>
              </value>
            </param>
            <param index="1">
              <value>
                <![CDATA[]]>
              </value>
            </param>
            <param index="2">
              <value>
                <![CDATA[]]>
              </value>
            </param>
          </params>
          <reporter-output>
          </reporter-output>
        </test-method> <!-- VerifyLoginFunctionality -->
        <test-method is-config="true" signature="tearDown(org.testng.ITestResult)[pri:0, instance:tests.LoginPageTest@1e04fa0a]" started-at="2023-12-27T03:44:15 IST" name="tearDown" finished-at="2023-12-27T03:44:16 IST" duration-ms="1046" status="PASS">
          <params>
            <param index="0">
              <value>
                <![CDATA[[TestResult name=VerifyLoginFunctionality status=SUCCESS method=LoginPageTest.VerifyLoginFunctionality(java.lang.String,java.lang.String,java.lang.String)[pri:0, instance:tests.LoginPageTest@1e04fa0a] output={null}]]]>
              </value>
            </param>
          </params>
          <reporter-output>
          </reporter-output>
        </test-method> <!-- tearDown -->
        <test-method is-config="true" signature="initializeBrowser()[pri:0, instance:tests.LoginPageTest@1e04fa0a]" started-at="2023-12-27T03:44:16 IST" name="initializeBrowser" finished-at="2023-12-27T03:44:21 IST" duration-ms="5137" status="PASS">
          <reporter-output>
          </reporter-output>
        </test-method> <!-- initializeBrowser -->
        <test-method is-config="true" signature="setUp()[pri:0, instance:tests.LoginPageTest@1e04fa0a]" started-at="2023-12-27T03:44:21 IST" name="setUp" finished-at="2023-12-27T03:44:21 IST" duration-ms="1" status="PASS">
          <reporter-output>
          </reporter-output>
        </test-method> <!-- setUp -->
        <test-method signature="VerifyLogo()[pri:0, instance:tests.LoginPageTest@1e04fa0a]" started-at="2023-12-27T03:44:21 IST" name="VerifyLogo" finished-at="2023-12-27T03:44:22 IST" duration-ms="657" status="PASS">
          <reporter-output>
          </reporter-output>
        </test-method> <!-- VerifyLogo -->
        <test-method is-config="true" signature="tearDown(org.testng.ITestResult)[pri:0, instance:tests.LoginPageTest@1e04fa0a]" started-at="2023-12-27T03:44:22 IST" name="tearDown" finished-at="2023-12-27T03:44:23 IST" duration-ms="705" status="PASS">
          <params>
            <param index="0">
              <value>
                <![CDATA[[TestResult name=VerifyLogo status=SUCCESS method=LoginPageTest.VerifyLogo()[pri:0, instance:tests.LoginPageTest@1e04fa0a] output={null}]]]>
              </value>
            </param>
          </params>
          <reporter-output>
          </reporter-output>
        </test-method> <!-- tearDown -->
        <test-method is-config="true" signature="initializeBrowser()[pri:0, instance:tests.LoginPageTest@1e04fa0a]" started-at="2023-12-27T03:44:23 IST" name="initializeBrowser" finished-at="2023-12-27T03:44:30 IST" duration-ms="7052" status="PASS">
          <reporter-output>
          </reporter-output>
        </test-method> <!-- initializeBrowser -->
        <test-method is-config="true" signature="setUp()[pri:0, instance:tests.LoginPageTest@1e04fa0a]" started-at="2023-12-27T03:44:30 IST" name="setUp" finished-at="2023-12-27T03:44:30 IST" duration-ms="1" status="PASS">
          <reporter-output>
          </reporter-output>
        </test-method> <!-- setUp -->
        <test-method signature="VerifyTitle()[pri:0, instance:tests.LoginPageTest@1e04fa0a]" started-at="2023-12-27T03:44:30 IST" name="VerifyTitle" finished-at="2023-12-27T03:44:30 IST" duration-ms="17" status="PASS">
          <reporter-output>
          </reporter-output>
        </test-method> <!-- VerifyTitle -->
        <test-method is-config="true" signature="tearDown(org.testng.ITestResult)[pri:0, instance:tests.LoginPageTest@1e04fa0a]" started-at="2023-12-27T03:44:30 IST" name="tearDown" finished-at="2023-12-27T03:44:30 IST" duration-ms="585" status="PASS">
          <params>
            <param index="0">
              <value>
                <![CDATA[[TestResult name=VerifyTitle status=SUCCESS method=LoginPageTest.VerifyTitle()[pri:0, instance:tests.LoginPageTest@1e04fa0a] output={null}]]]>
              </value>
            </param>
          </params>
          <reporter-output>
          </reporter-output>
        </test-method> <!-- tearDown -->
        <test-method is-config="true" signature="initializeBrowser()[pri:0, instance:tests.LoginPageTest@1e04fa0a]" started-at="2023-12-27T03:44:30 IST" name="initializeBrowser" finished-at="2023-12-27T03:44:34 IST" duration-ms="3419" status="PASS">
          <reporter-output>
          </reporter-output>
        </test-method> <!-- initializeBrowser -->
        <test-method is-config="true" signature="setUp()[pri:0, instance:tests.LoginPageTest@1e04fa0a]" started-at="2023-12-27T03:44:34 IST" name="setUp" finished-at="2023-12-27T03:44:34 IST" duration-ms="1" status="PASS">
          <reporter-output>
          </reporter-output>
        </test-method> <!-- setUp -->
        <test-method signature="VerifyURL()[pri:0, instance:tests.LoginPageTest@1e04fa0a]" started-at="2023-12-27T03:44:34 IST" name="VerifyURL" finished-at="2023-12-27T03:44:34 IST" duration-ms="20" status="PASS">
          <reporter-output>
          </reporter-output>
        </test-method> <!-- VerifyURL -->
        <test-method is-config="true" signature="tearDown(org.testng.ITestResult)[pri:0, instance:tests.LoginPageTest@1e04fa0a]" started-at="2023-12-27T03:44:34 IST" name="tearDown" finished-at="2023-12-27T03:44:34 IST" duration-ms="634" status="PASS">
          <params>
            <param index="0">
              <value>
                <![CDATA[[TestResult name=VerifyURL status=SUCCESS method=LoginPageTest.VerifyURL()[pri:0, instance:tests.LoginPageTest@1e04fa0a] output={null}]]]>
              </value>
            </param>
          </params>
          <reporter-output>
          </reporter-output>
        </test-method> <!-- tearDown -->
      </class> <!-- tests.LoginPageTest -->
    </test> <!-- Default test -->
  </suite> <!-- Default suite -->
</testng-results>
